2019-02-07 09:44:37.019 ERROR 1460 --- [main] o.s.b.c.l.LoggingApplicationListener     : Cannot set level 'DEBUG,INFO' for 'com.api.market'
2019-02-07 09:44:37.374  INFO 1460 --- [main] com.api.market.ApimarketApplication      : Starting ApimarketApplication on DESKTOP-7FNNSHS with PID 1460 (C:\minimarketBack\minimarket\apimarket\target\classes started by Kendinho33 in C:\minimarketBack\minimarket\apimarket)
2019-02-07 09:44:37.376  INFO 1460 --- [main] com.api.market.ApimarketApplication      : No active profile set, falling back to default profiles: default
2019-02-07 09:44:39.545  INFO 1460 --- [main] .s.d.r.c.RepositoryConfigurationDelegate : Bootstrapping Spring Data repositories in DEFAULT mode.
2019-02-07 09:44:39.679  INFO 1460 --- [main] .s.d.r.c.RepositoryConfigurationDelegate : Finished Spring Data repository scanning in 118ms. Found 3 repository interfaces.
2019-02-07 09:44:40.148  INFO 1460 --- [main] trationDelegate$BeanPostProcessorChecker : Bean 'org.springframework.transaction.annotation.ProxyTransactionManagementConfiguration' of type [org.springframework.transaction.annotation.ProxyTransactionManagementConfiguration$$EnhancerBySpringCGLIB$$63b0cbf0] is not eligible for getting processed by all BeanPostProcessors (for example: not eligible for auto-proxying)
2019-02-07 09:44:40.203  INFO 1460 --- [main] trationDelegate$BeanPostProcessorChecker : Bean 'org.springframework.security.config.annotation.configuration.ObjectPostProcessorConfiguration' of type [org.springframework.security.config.annotation.configuration.ObjectPostProcessorConfiguration$$EnhancerBySpringCGLIB$$fc5e942a] is not eligible for getting processed by all BeanPostProcessors (for example: not eligible for auto-proxying)
2019-02-07 09:44:40.213  INFO 1460 --- [main] trationDelegate$BeanPostProcessorChecker : Bean 'objectPostProcessor' of type [org.springframework.security.config.annotation.configuration.AutowireBeanFactoryObjectPostProcessor] is not eligible for getting processed by all BeanPostProcessors (for example: not eligible for auto-proxying)
2019-02-07 09:44:40.217  INFO 1460 --- [main] trationDelegate$BeanPostProcessorChecker : Bean 'org.springframework.security.access.expression.method.DefaultMethodSecurityExpressionHandler@66f66866' of type [org.springframework.security.access.expression.method.DefaultMethodSecurityExpressionHandler] is not eligible for getting processed by all BeanPostProcessors (for example: not eligible for auto-proxying)
2019-02-07 09:44:40.222  INFO 1460 --- [main] trationDelegate$BeanPostProcessorChecker : Bean 'org.springframework.security.config.annotation.method.configuration.GlobalMethodSecurityConfiguration' of type [org.springframework.security.config.annotation.method.configuration.GlobalMethodSecurityConfiguration$$EnhancerBySpringCGLIB$$213336dc] is not eligible for getting processed by all BeanPostProcessors (for example: not eligible for auto-proxying)
2019-02-07 09:44:40.228  INFO 1460 --- [main] trationDelegate$BeanPostProcessorChecker : Bean 'methodSecurityMetadataSource' of type [org.springframework.security.access.method.DelegatingMethodSecurityMetadataSource] is not eligible for getting processed by all BeanPostProcessors (for example: not eligible for auto-proxying)
2019-02-07 09:44:40.623  INFO 1460 --- [main] o.s.b.w.embedded.tomcat.TomcatWebServer  : Tomcat initialized with port(s): 9080 (http)
2019-02-07 09:44:40.661  INFO 1460 --- [main] o.apache.catalina.core.StandardService   : Starting service [Tomcat]
2019-02-07 09:44:40.663  INFO 1460 --- [main] org.apache.catalina.core.StandardEngine  : Starting Servlet engine: [Apache Tomcat/9.0.14]
2019-02-07 09:44:40.673  INFO 1460 --- [main] o.a.catalina.core.AprLifecycleListener   : The APR based Apache Tomcat Native library which allows optimal performance in production environments was not found on the java.library.path: [C:\Program Files\Java\jre1.8.0_191\bin;C:\WINDOWS\Sun\Java\bin;C:\WINDOWS\system32;C:\WINDOWS;C:/Program Files/Java/jre1.8.0_191/bin/server;C:/Program Files/Java/jre1.8.0_191/bin;C:/Program Files/Java/jre1.8.0_191/lib/amd64;C:\ProgramData\DockerDesktop\version-bin;C:\Program Files\Docker\Docker\Resources\bin;C:\oracle\oracle12c\virtual\product\12.2.0\dbhome_1\bin;C:\Program Files (x86)\Common Files\Oracle\Java\javapath;C:\WINDOWS\system32;C:\WINDOWS;C:\WINDOWS\System32\Wbem;C:\WINDOWS\System32\WindowsPowerShell\v1.0\;C:\Program Files\Git\cmd;C:\Program Files\SafeNet\Authentication\SAC\x64;C:\Program Files\SafeNet\Authentication\SAC\x32;C:\WINDOWS\System32\OpenSSH\;C:\Program Files\nodejs\;C:\Users\Kendinho33\AppData\Local\Microsoft\WindowsApps;C:\Users\Kendinho33\AppData\Roaming\npm;C:\Users\Kendinho33\Downloads\eclipse;;.]
2019-02-07 09:44:40.883  INFO 1460 --- [main] o.a.c.c.C.[Tomcat].[localhost].[/]       : Initializing Spring embedded WebApplicationContext
2019-02-07 09:44:41.221  INFO 1460 --- [main] com.zaxxer.hikari.HikariDataSource       : HikariPool-1 - Starting...
2019-02-07 09:44:49.226  INFO 1460 --- [main] com.zaxxer.hikari.HikariDataSource       : HikariPool-1 - Start completed.
2019-02-07 09:44:49.314  INFO 1460 --- [main] o.hibernate.jpa.internal.util.LogHelper  : HHH000204: Processing PersistenceUnitInfo [
	name: default
	...]
2019-02-07 09:44:49.396  INFO 1460 --- [main] org.hibernate.Version                    : HHH000412: Hibernate Core {5.3.7.Final}
2019-02-07 09:44:49.398  INFO 1460 --- [main] org.hibernate.cfg.Environment            : HHH000206: hibernate.properties not found
2019-02-07 09:44:49.584  INFO 1460 --- [main] o.hibernate.annotations.common.Version   : HCANN000001: Hibernate Commons Annotations {5.0.4.Final}
2019-02-07 09:44:49.927  INFO 1460 --- [main] org.hibernate.dialect.Dialect            : HHH000400: Using dialect: org.hibernate.dialect.MySQL5InnoDBDialect
2019-02-07 09:44:55.735  INFO 1460 --- [main] j.LocalContainerEntityManagerFactoryBean : Initialized JPA EntityManagerFactory for persistence unit 'default'
2019-02-07 09:44:57.013  INFO 1460 --- [main] o.s.s.concurrent.ThreadPoolTaskExecutor  : Initializing ExecutorService 'applicationTaskExecutor'
2019-02-07 09:44:57.074  WARN 1460 --- [main] aWebConfiguration$JpaWebMvcConfiguration : spring.jpa.open-in-view is enabled by default. Therefore, database queries may be performed during view rendering. Explicitly configure spring.jpa.open-in-view to disable this warning
2019-02-07 09:44:57.414  INFO 1460 --- [main] o.s.s.web.DefaultSecurityFilterChain     : Creating filter chain: any request, [org.springframework.security.web.context.request.async.WebAsyncManagerIntegrationFilter@a5e8260, org.springframework.security.web.context.SecurityContextPersistenceFilter@25fd6d1e, org.springframework.security.web.header.HeaderWriterFilter@30c01c37, org.springframework.security.web.authentication.logout.LogoutFilter@7956f93a, com.api.market.filter.JWTAuthenticationFilter@30c7be6f, com.api.market.filter.JWTAuthorizationFilter@4a9bce99, org.springframework.security.web.savedrequest.RequestCacheAwareFilter@c11332b, org.springframework.security.web.servletapi.SecurityContextHolderAwareRequestFilter@8bc0696, org.springframework.security.web.authentication.AnonymousAuthenticationFilter@5a0f87e5, org.springframework.security.web.session.SessionManagementFilter@45bd4753, org.springframework.security.web.access.ExceptionTranslationFilter@48368a08, org.springframework.security.web.access.intercept.FilterSecurityInterceptor@38a96593]
2019-02-07 09:44:57.526  INFO 1460 --- [main] o.s.b.w.embedded.tomcat.TomcatWebServer  : Tomcat started on port(s): 9080 (http) with context path ''
2019-02-07 09:44:57.530  INFO 1460 --- [main] com.api.market.ApimarketApplication      : Started ApimarketApplication in 20.961 seconds (JVM running for 22.351)
2019-02-07 09:45:31.519  INFO 1460 --- [http-nio-9080-exec-2] o.a.c.c.C.[Tomcat].[localhost].[/]       : Initializing Spring DispatcherServlet 'dispatcherServlet'
2019-02-07 09:45:31.958 DEBUG 1460 --- [http-nio-9080-exec-2] org.hibernate.SQL                        : select categories0_.id as id1_0_0_, categories0_.icono as icono2_0_0_, categories0_.name as name3_0_0_ from categories categories0_ where categories0_.id=?
2019-02-07 09:45:33.108  INFO 1460 --- [http-nio-9080-exec-2] o.h.h.i.QueryTranslatorFactoryInitiator  : HHH000397: Using ASTQueryTranslatorFactory
2019-02-07 09:45:33.222 DEBUG 1460 --- [http-nio-9080-exec-2] org.hibernate.SQL                        : select products0_.id as id1_2_, products0_.categorie_id as categori7_2_, products0_.description as descript2_2_, products0_.image as image3_2_, products0_.name as name4_2_, products0_.price as price5_2_, products0_.quantity as quantity6_2_ from products products0_ where products0_.categorie_id=?
2019-02-07 09:44:37.019 ERROR 1460 --- [main] o.s.b.c.l.LoggingApplicationListener     : Cannot set level 'DEBUG,INFO' for 'com.api.market'
2019-02-07 09:44:37.374  INFO 1460 --- [main] com.api.market.ApimarketApplication      : Starting ApimarketApplication on DESKTOP-7FNNSHS with PID 1460 (C:\minimarketBack\minimarket\apimarket\target\classes started by Kendinho33 in C:\minimarketBack\minimarket\apimarket)
2019-02-07 09:44:37.376  INFO 1460 --- [main] com.api.market.ApimarketApplication      : No active profile set, falling back to default profiles: default
2019-02-07 09:44:39.545  INFO 1460 --- [main] .s.d.r.c.RepositoryConfigurationDelegate : Bootstrapping Spring Data repositories in DEFAULT mode.
2019-02-07 09:44:39.679  INFO 1460 --- [main] .s.d.r.c.RepositoryConfigurationDelegate : Finished Spring Data repository scanning in 118ms. Found 3 repository interfaces.
2019-02-07 09:44:40.148  INFO 1460 --- [main] trationDelegate$BeanPostProcessorChecker : Bean 'org.springframework.transaction.annotation.ProxyTransactionManagementConfiguration' of type [org.springframework.transaction.annotation.ProxyTransactionManagementConfiguration$$EnhancerBySpringCGLIB$$63b0cbf0] is not eligible for getting processed by all BeanPostProcessors (for example: not eligible for auto-proxying)
2019-02-07 09:44:40.203  INFO 1460 --- [main] trationDelegate$BeanPostProcessorChecker : Bean 'org.springframework.security.config.annotation.configuration.ObjectPostProcessorConfiguration' of type [org.springframework.security.config.annotation.configuration.ObjectPostProcessorConfiguration$$EnhancerBySpringCGLIB$$fc5e942a] is not eligible for getting processed by all BeanPostProcessors (for example: not eligible for auto-proxying)
2019-02-07 09:44:40.213  INFO 1460 --- [main] trationDelegate$BeanPostProcessorChecker : Bean 'objectPostProcessor' of type [org.springframework.security.config.annotation.configuration.AutowireBeanFactoryObjectPostProcessor] is not eligible for getting processed by all BeanPostProcessors (for example: not eligible for auto-proxying)
2019-02-07 09:44:40.217  INFO 1460 --- [main] trationDelegate$BeanPostProcessorChecker : Bean 'org.springframework.security.access.expression.method.DefaultMethodSecurityExpressionHandler@66f66866' of type [org.springframework.security.access.expression.method.DefaultMethodSecurityExpressionHandler] is not eligible for getting processed by all BeanPostProcessors (for example: not eligible for auto-proxying)
2019-02-07 09:44:40.222  INFO 1460 --- [main] trationDelegate$BeanPostProcessorChecker : Bean 'org.springframework.security.config.annotation.method.configuration.GlobalMethodSecurityConfiguration' of type [org.springframework.security.config.annotation.method.configuration.GlobalMethodSecurityConfiguration$$EnhancerBySpringCGLIB$$213336dc] is not eligible for getting processed by all BeanPostProcessors (for example: not eligible for auto-proxying)
2019-02-07 09:44:40.228  INFO 1460 --- [main] trationDelegate$BeanPostProcessorChecker : Bean 'methodSecurityMetadataSource' of type [org.springframework.security.access.method.DelegatingMethodSecurityMetadataSource] is not eligible for getting processed by all BeanPostProcessors (for example: not eligible for auto-proxying)
2019-02-07 09:44:40.623  INFO 1460 --- [main] o.s.b.w.embedded.tomcat.TomcatWebServer  : Tomcat initialized with port(s): 9080 (http)
2019-02-07 09:44:40.661  INFO 1460 --- [main] o.apache.catalina.core.StandardService   : Starting service [Tomcat]
2019-02-07 09:44:40.663  INFO 1460 --- [main] org.apache.catalina.core.StandardEngine  : Starting Servlet engine: [Apache Tomcat/9.0.14]
2019-02-07 09:44:40.673  INFO 1460 --- [main] o.a.catalina.core.AprLifecycleListener   : The APR based Apache Tomcat Native library which allows optimal performance in production environments was not found on the java.library.path: [C:\Program Files\Java\jre1.8.0_191\bin;C:\WINDOWS\Sun\Java\bin;C:\WINDOWS\system32;C:\WINDOWS;C:/Program Files/Java/jre1.8.0_191/bin/server;C:/Program Files/Java/jre1.8.0_191/bin;C:/Program Files/Java/jre1.8.0_191/lib/amd64;C:\ProgramData\DockerDesktop\version-bin;C:\Program Files\Docker\Docker\Resources\bin;C:\oracle\oracle12c\virtual\product\12.2.0\dbhome_1\bin;C:\Program Files (x86)\Common Files\Oracle\Java\javapath;C:\WINDOWS\system32;C:\WINDOWS;C:\WINDOWS\System32\Wbem;C:\WINDOWS\System32\WindowsPowerShell\v1.0\;C:\Program Files\Git\cmd;C:\Program Files\SafeNet\Authentication\SAC\x64;C:\Program Files\SafeNet\Authentication\SAC\x32;C:\WINDOWS\System32\OpenSSH\;C:\Program Files\nodejs\;C:\Users\Kendinho33\AppData\Local\Microsoft\WindowsApps;C:\Users\Kendinho33\AppData\Roaming\npm;C:\Users\Kendinho33\Downloads\eclipse;;.]
2019-02-07 09:44:40.883  INFO 1460 --- [main] o.a.c.c.C.[Tomcat].[localhost].[/]       : Initializing Spring embedded WebApplicationContext
2019-02-07 09:44:41.221  INFO 1460 --- [main] com.zaxxer.hikari.HikariDataSource       : HikariPool-1 - Starting...
2019-02-07 09:44:49.226  INFO 1460 --- [main] com.zaxxer.hikari.HikariDataSource       : HikariPool-1 - Start completed.
2019-02-07 09:44:49.314  INFO 1460 --- [main] o.hibernate.jpa.internal.util.LogHelper  : HHH000204: Processing PersistenceUnitInfo [
	name: default
	...]
2019-02-07 09:44:49.396  INFO 1460 --- [main] org.hibernate.Version                    : HHH000412: Hibernate Core {5.3.7.Final}
2019-02-07 09:44:49.398  INFO 1460 --- [main] org.hibernate.cfg.Environment            : HHH000206: hibernate.properties not found
2019-02-07 09:44:49.584  INFO 1460 --- [main] o.hibernate.annotations.common.Version   : HCANN000001: Hibernate Commons Annotations {5.0.4.Final}
2019-02-07 09:44:49.927  INFO 1460 --- [main] org.hibernate.dialect.Dialect            : HHH000400: Using dialect: org.hibernate.dialect.MySQL5InnoDBDialect
2019-02-07 09:44:55.735  INFO 1460 --- [main] j.LocalContainerEntityManagerFactoryBean : Initialized JPA EntityManagerFactory for persistence unit 'default'
2019-02-07 09:44:57.013  INFO 1460 --- [main] o.s.s.concurrent.ThreadPoolTaskExecutor  : Initializing ExecutorService 'applicationTaskExecutor'
2019-02-07 09:44:57.074  WARN 1460 --- [main] aWebConfiguration$JpaWebMvcConfiguration : spring.jpa.open-in-view is enabled by default. Therefore, database queries may be performed during view rendering. Explicitly configure spring.jpa.open-in-view to disable this warning
2019-02-07 09:44:57.414  INFO 1460 --- [main] o.s.s.web.DefaultSecurityFilterChain     : Creating filter chain: any request, [org.springframework.security.web.context.request.async.WebAsyncManagerIntegrationFilter@a5e8260, org.springframework.security.web.context.SecurityContextPersistenceFilter@25fd6d1e, org.springframework.security.web.header.HeaderWriterFilter@30c01c37, org.springframework.security.web.authentication.logout.LogoutFilter@7956f93a, com.api.market.filter.JWTAuthenticationFilter@30c7be6f, com.api.market.filter.JWTAuthorizationFilter@4a9bce99, org.springframework.security.web.savedrequest.RequestCacheAwareFilter@c11332b, org.springframework.security.web.servletapi.SecurityContextHolderAwareRequestFilter@8bc0696, org.springframework.security.web.authentication.AnonymousAuthenticationFilter@5a0f87e5, org.springframework.security.web.session.SessionManagementFilter@45bd4753, org.springframework.security.web.access.ExceptionTranslationFilter@48368a08, org.springframework.security.web.access.intercept.FilterSecurityInterceptor@38a96593]
2019-02-07 09:44:57.526  INFO 1460 --- [main] o.s.b.w.embedded.tomcat.TomcatWebServer  : Tomcat started on port(s): 9080 (http) with context path ''
2019-02-07 09:44:57.530  INFO 1460 --- [main] com.api.market.ApimarketApplication      : Started ApimarketApplication in 20.961 seconds (JVM running for 22.351)
2019-02-07 09:45:31.519  INFO 1460 --- [http-nio-9080-exec-2] o.a.c.c.C.[Tomcat].[localhost].[/]       : Initializing Spring DispatcherServlet 'dispatcherServlet'
2019-02-07 09:45:31.958 DEBUG 1460 --- [http-nio-9080-exec-2] org.hibernate.SQL                        : select categories0_.id as id1_0_0_, categories0_.icono as icono2_0_0_, categories0_.name as name3_0_0_ from categories categories0_ where categories0_.id=?
2019-02-07 09:45:33.108  INFO 1460 --- [http-nio-9080-exec-2] o.h.h.i.QueryTranslatorFactoryInitiator  : HHH000397: Using ASTQueryTranslatorFactory
2019-02-07 09:45:33.222 DEBUG 1460 --- [http-nio-9080-exec-2] org.hibernate.SQL                        : select products0_.id as id1_2_, products0_.categorie_id as categori7_2_, products0_.description as descript2_2_, products0_.image as image3_2_, products0_.name as name4_2_, products0_.price as price5_2_, products0_.quantity as quantity6_2_ from products products0_ where products0_.categorie_id=?
